Create collection
Append RunTimeException
Append InvalidArgumentException
Append Many: Exception, LogicException
Check items in the collection
Key: 0, Item: RuntimeException
Key: 1, Item: InvalidArgumentException
Key: 2, Item: Exception
Key: 3, Item: LogicException
Try to add a string, exception must be thrown
EXCEPTION: Item to be added is not an object
Try to add an stdClass object item, exception must be thrown
EXCEPTION: Item to be added is not an instanceof class: "Throwable", class: "stdClass" was given
Lock append
Try to add another item, exception must be thrown
EXCEPTION: Collection is locked, can not add elements
Remove item with key 1
Remove last item
Check items in the collection
Key: 0, Item: RuntimeException
Key: 2, Item: Exception
Lock remove
Try to remove an item, exception must be thrown
EXCEPTION: Collection is locked, can not remove elements
Check items in the collection
Key: 0, Item: RuntimeException
Key: 2, Item: Exception
Throw combined exception, catch it and show the combined message
This is a RunTimeException
Generic Exception