Create collection instance
Append item 123 using my_key_1 as key
Append item 456 using my_key_2 as key
Append item 789 using my_key_3 as key
Check if collection has a selection (must return false)
bool(false)
Select item my_key_1 in collection
Check if collection has a selection (must return true)
bool(true)
Is selection locked?
bool(false)
Select item my_key_1 in collection
Get selected items keys
array(2) {
  [0]=>
  string(8) "my_key_1"
  [1]=>
  string(8) "my_key_2"
}
Selected items values
array(2) {
  [0]=>
  string(3) "123"
  [1]=>
  string(3) "456"
}
Lock selection
Try to select another item, exception must be thrown (due to the selection being locked)
EXCEPTION: Selection of items has been locked, can not select more items in this collection