Create new Collection class instance

Append items:
array (
  0 => 2,
  1 => 'a',
  2 => 'e',
  3 => 1,
  4 => 5,
  5 => 'b',
  6 => 'd',
  7 => 3,
  8 => 'c',
  9 => 4,
)

Sort ascending:
a
b
c
d
e
1
2
3
4
5

Sort descending:
5
4
3
2
1
e
d
c
b
a

Create new Collection class instance

Sort items with property in ascending:
array (
  4 =>
  T2::__set_state(array(
     'property' => 'a',
  )),
  2 =>
  T1::__set_state(array(
     'property' => 6,
  )),
  1 => 34,
  0 =>
  T::__set_state(array(
     'property' => 56,
  )),
  3 => 1000,
)

Sort items with property in descending:
array (
  3 => 1000,
  0 =>
  T::__set_state(array(
     'property' => 56,
  )),
  1 => 34,
  2 =>
  T1::__set_state(array(
     'property' => 6,
  )),
  4 =>
  T2::__set_state(array(
     'property' => 'a',
  )),
)

Append an object which does NOT implements HasSortValueInterface (EXCEPTION must be thrown)
OK Exception Instance of class "stdClass" does NOT implements "LDL\Framework\Base\Collection\Contracts\HasSortValueInterface", thus it can't be sorted