Create array of 7 elements:

Filter items by LDL\Framework\Base\Constants::LDL_TYPE_INT: integer
################################################################################

array(5) {
  [0]=>
  int(37)
  [1]=>
  int(9)
  [5]=>
  int(0)
  [6]=>
  int(-1)
  [10]=>
  object(IntClass)#3 (0) {
  }
}

Filter items by LDL\Framework\Base\Constants::LDL_TYPE_UINT: uint
################################################################################

array(4) {
  [0]=>
  int(37)
  [1]=>
  int(9)
  [5]=>
  int(0)
  [10]=>
  object(IntClass)#3 (0) {
  }
}

Filter items by LDL\Framework\Base\Constants::PHP_TYPE_DOUBLE: double
################################################################################

array(2) {
  [4]=>
  float(9.0E+99)
  [11]=>
  object(DoubleClass)#2 (0) {
  }
}

Filter items by LDL\Framework\Base\Constants::PHP_TYPE_STRING: string
################################################################################

array(3) {
  [2]=>
  string(6) "5 dogs"
  [3]=>
  string(2) "10"
  [13]=>
  object(StringClass)#5 (0) {
  }
}

Filter items by LDL\Framework\Base\Constants::PHP_TYPE_BOOL: boolean
################################################################################

array(1) {
  [14]=>
  bool(true)
}

Filter items by LDL\Framework\Base\Constants::PHP_TYPE_ARRAY: array
################################################################################

array(2) {
  [9]=>
  array(0) {
  }
  [12]=>
  object(ArrayClass)#4 (0) {
  }
}

Filter items by LDL\Framework\Base\Constants::PHP_TYPE_NULL: null
################################################################################

array(1) {
  [8]=>
  NULL
}

Filter items by LDL\Framework\Base\Constants::PHP_TYPE_OBJECT: object
################################################################################

array(4) {
  [10]=>
  object(IntClass)#3 (0) {
  }
  [11]=>
  object(DoubleClass)#2 (0) {
  }
  [12]=>
  object(ArrayClass)#4 (0) {
  }
  [13]=>
  object(StringClass)#5 (0) {
  }
}

Filter items by LDL\Framework\Base\Constants::PHP_TYPE_RESOURCE: resource
################################################################################

array(1) {
  [7]=>
  resource(17) of type (stream)
}

Filter items by LDL\Framework\Base\Constants::LDL_TYPE_UDOUBLE: udouble
################################################################################

array(2) {
  [4]=>
  float(9.0E+99)
  [11]=>
  object(DoubleClass)#2 (0) {
  }
}

Filter items by LDL\Framework\Base\Constants::LDL_TYPE_NUMERIC: numeric
################################################################################

array(6) {
  [0]=>
  int(37)
  [1]=>
  int(9)
  [3]=>
  string(2) "10"
  [4]=>
  float(9.0E+99)
  [5]=>
  int(0)
  [6]=>
  int(-1)
}

Filter items by LDL\Framework\Base\Constants::LDL_TYPE_UNUMERIC: unumeric
################################################################################

array(4) {
  [0]=>
  int(37)
  [1]=>
  int(9)
  [3]=>
  string(2) "10"
  [4]=>
  float(9.0E+99)
}

Filter items by LDL\Framework\Base\Constants::LDL_TYPE_SCALAR: scalar
################################################################################

array(8) {
  [0]=>
  int(37)
  [1]=>
  int(9)
  [2]=>
  string(6) "5 dogs"
  [3]=>
  string(2) "10"
  [4]=>
  float(9.0E+99)
  [5]=>
  int(0)
  [6]=>
  int(-1)
  [14]=>
  bool(true)
}
