Create array of 5 elements:

array (
  'a' => 1,
  'b' => 2,
  'c' => 3,
  'd' => 4,
  'e' => 5,
)

Count:

5

Filter where value > 2:

array (
  'c' => 3,
  'd' => 4,
  'e' => 5,
)

Map using key (return key => value as string) preserve keys is enabled:

array (
  'a' => 'a => 1',
  'b' => 'b => 2',
  'c' => 'c => 3',
  'd' => 'd => 4',
  'e' => 'e => 5',
)

Map using key (return key => value as string) preserve keys is disabled:

array (
  0 => '0 => 1',
  1 => '1 => 2',
  2 => '2 => 3',
  3 => '3 => 4',
  4 => '4 => 5',
)

Amount of items modified:
int(10)